<?xml version="1.0" encoding="UTF-8"?>
<!-- Generated by org.testng.reporters.JUnitXMLReporter -->
<testsuite ignored="2" hostname="DESKTOP-D7JMDV6" failures="0" tests="1" name="Default test" time="0.994" errors="0" timestamp="2022-02-06T15:59:17 WIB">
  <testcase classname="qaautomation.january2022.GraphQLTest" name="fakerTest" time="0.68"/>
  <testcase classname="qaautomation.january2022.GraphQLTest" name="checkCEO" time="0.0">
    <ignored/>
  </testcase> <!-- checkCEO -->
  <testcase classname="qaautomation.january2022.GraphQLTest" name="launchRocketWithVariable" time="0.0">
    <ignored/>
  </testcase> <!-- launchRocketWithVariable -->
</testsuite> <!-- Default test -->
