<?xml version="1.0" encoding="UTF-8"?>
<testng-results ignored="0" total="2" passed="2" failed="0" skipped="0">
  <reporter-output>
  </reporter-output>
  <suite started-at="2022-02-06T08:36:40Z" name="Suite" finished-at="2022-02-06T08:36:54Z" duration-ms="13984">
    <groups>
    </groups>
    <test started-at="2022-02-06T08:36:40Z" name="Test" finished-at="2022-02-06T08:36:54Z" duration-ms="13984">
      <class name="qaautomation.january2022.APITest">
        <test-method is-config="true" signature="login()[pri:0, instance:qaautomation.january2022.APITest@6411d3c8]" started-at="2022-02-06T08:36:40Z" name="login" finished-at="2022-02-06T08:36:46Z" duration-ms="6442" status="PASS">
          <reporter-output>
          </reporter-output>
        </test-method> <!-- login -->
        <test-method signature="configurations()[pri:0, instance:qaautomation.january2022.APITest@6411d3c8]" started-at="2022-02-06T08:36:47Z" name="configurations" finished-at="2022-02-06T08:36:49Z" duration-ms="2191" status="PASS">
          <reporter-output>
          </reporter-output>
        </test-method> <!-- configurations -->
        <test-method is-config="true" signature="login()[pri:0, instance:qaautomation.january2022.APITest@6411d3c8]" started-at="2022-02-06T08:36:49Z" name="login" finished-at="2022-02-06T08:36:51Z" duration-ms="2291" status="PASS">
          <reporter-output>
          </reporter-output>
        </test-method> <!-- login -->
        <test-method signature="dashboardAPI()[pri:0, instance:qaautomation.january2022.APITest@6411d3c8]" started-at="2022-02-06T08:36:51Z" name="dashboardAPI" finished-at="2022-02-06T08:36:54Z" duration-ms="2774" status="PASS">
          <reporter-output>
          </reporter-output>
        </test-method> <!-- dashboardAPI -->
      </class> <!-- qaautomation.january2022.APITest -->
    </test> <!-- Test -->
  </suite> <!-- Suite -->
</testng-results>
