<?xml version="1.0" encoding="UTF-8"?>
<testsuite xmlns:xsi="http://www.w3.org/2001/XMLSchema-instance" xsi:schemaLocation="https://maven.apache.org/surefire/maven-surefire-plugin/xsd/surefire-test-report.xsd" name="TestSuite" time="18.756" tests="2" errors="0" skipped="0" failures="0">
  <properties>
[...]
</properties>
  <testcase name="configurations" classname="qaautomation.january2022.APITest" time="2.087"/>
  <testcase name="dashboardAPI" classname="qaautomation.january2022.APITest" time="2.774"/>
</testsuite>