<?xml version="1.0" encoding="UTF-8"?>
<testng-results ignored="2" total="3" passed="1" failed="0" skipped="0">
  <reporter-output>
  </reporter-output>
  <suite started-at="2022-02-06T15:59:16 WIB" name="Default suite" finished-at="2022-02-06T15:59:17 WIB" duration-ms="994">
    <groups>
    </groups>
    <test started-at="2022-02-06T15:59:16 WIB" name="Default test" finished-at="2022-02-06T15:59:17 WIB" duration-ms="994">
      <class name="qaautomation.january2022.GraphQLTest">
        <test-method signature="fakerTest()[pri:0, instance:qaautomation.january2022.GraphQLTest@14bee915]" started-at="2022-02-06T15:59:16 WIB" name="fakerTest" finished-at="2022-02-06T15:59:16 WIB" duration-ms="680" status="PASS">
          <reporter-output>
          </reporter-output>
        </test-method> <!-- fakerTest -->
      </class> <!-- qaautomation.january2022.GraphQLTest -->
    </test> <!-- Default test -->
  </suite> <!-- Default suite -->
</testng-results>
